{
  "numTotalTestSuites": 2,
  "numPassedTestSuites": 0,
  "numFailedTestSuites": 2,
  "numPendingTestSuites": 0,
  "numTotalTests": 13,
  "numPassedTests": 10,
  "numFailedTests": 3,
  "numPendingTests": 0,
  "numTodoTests": 0,
  "snapshot": {
    "added": 0,
    "failure": false,
    "filesAdded": 0,
    "filesRemoved": 0,
    "filesRemovedList": [],
    "filesUnmatched": 0,
    "filesUpdated": 0,
    "matched": 0,
    "total": 0,
    "unchecked": 0,
    "uncheckedKeysByFile": [],
    "unmatched": 0,
    "updated": 0,
    "didUpdate": false
  },
  "startTime": 1774078991813,
  "success": false,
  "testResults": [
    {
      "assertionResults": [
        {
          "ancestorTitles": ["API RBAC integration"],
          "fullName": "API RBAC integration allows and denies HR documents stats by permission",
          "status": "passed",
          "title": "allows and denies HR documents stats by permission",
          "duration": 256.89820000000145,
          "failureMessages": [],
          "meta": {},
          "tags": []
        },
        {
          "ancestorTitles": ["API RBAC integration"],
          "fullName": "API RBAC integration allows and denies recruitment job-postings by permission",
          "status": "passed",
          "title": "allows and denies recruitment job-postings by permission",
          "duration": 84.47650000000067,
          "failureMessages": [],
          "meta": {},
          "tags": []
        },
        {
          "ancestorTitles": ["API RBAC integration"],
          "fullName": "API RBAC integration allows and denies payroll runs by permission",
          "status": "passed",
          "title": "allows and denies payroll runs by permission",
          "duration": 120.80580000000009,
          "failureMessages": [],
          "meta": {},
          "tags": []
        },
        {
          "ancestorTitles": ["API RBAC integration"],
          "fullName": "API RBAC integration allows and denies performance cycles by permission",
          "status": "passed",
          "title": "allows and denies performance cycles by permission",
          "duration": 177.43279999999868,
          "failureMessages": [],
          "meta": {},
          "tags": []
        },
        {
          "ancestorTitles": ["API RBAC integration"],
          "fullName": "API RBAC integration allows and denies onboarding templates by permission",
          "status": "passed",
          "title": "allows and denies onboarding templates by permission",
          "duration": 125.81450000000041,
          "failureMessages": [],
          "meta": {},
          "tags": []
        },
        {
          "ancestorTitles": ["API RBAC integration"],
          "fullName": "API RBAC integration rejects invalid recruitment candidates query params",
          "status": "passed",
          "title": "rejects invalid recruitment candidates query params",
          "duration": 17.169200000000274,
          "failureMessages": [],
          "meta": {},
          "tags": []
        },
        {
          "ancestorTitles": ["API RBAC integration"],
          "fullName": "API RBAC integration rejects invalid payroll run initiation payload",
          "status": "passed",
          "title": "rejects invalid payroll run initiation payload",
          "duration": 317.3873999999996,
          "failureMessages": [],
          "meta": {},
          "tags": []
        },
        {
          "ancestorTitles": ["API RBAC integration"],
          "fullName": "API RBAC integration blocks payroll disburse when run is not approved",
          "status": "passed",
          "title": "blocks payroll disburse when run is not approved",
          "duration": 46.14899999999943,
          "failureMessages": [],
          "meta": {},
          "tags": []
        },
        {
          "ancestorTitles": ["API RBAC integration"],
          "fullName": "API RBAC integration allows payroll disburse when run is approved",
          "status": "failed",
          "title": "allows payroll disburse when run is approved",
          "duration": 155.78780000000006,
          "failureMessages": [
            "AssertionError: expected 400 to be 200 // Object.is equality\n    at C:/Lakshya/ophanim-crm-fork/ophanim-crm/crm-be-Main/tests/integration/api-rbac.integration.test.ts:264:23\n    at processTicksAndRejections (node:internal/process/task_queues:105:5)\n    at file:///C:/Lakshya/ophanim-crm-fork/ophanim-crm/crm-be-Main/node_modules/.pnpm/@vitest+runner@4.1.0/node_modules/@vitest/runner/dist/index.js:1258:20"
          ],
          "meta": {},
          "tags": []
        },
        {
          "ancestorTitles": ["API RBAC integration"],
          "fullName": "API RBAC integration rejects invalid HR document verify payload",
          "status": "passed",
          "title": "rejects invalid HR document verify payload",
          "duration": 119.0497000000014,
          "failureMessages": [],
          "meta": {},
          "tags": []
        },
        {
          "ancestorTitles": ["API RBAC integration"],
          "fullName": "API RBAC integration allows onboarding checklist task updates for owner",
          "status": "failed",
          "title": "allows onboarding checklist task updates for owner",
          "duration": 72.35379999999896,
          "failureMessages": [
            "AssertionError: expected 400 to be 200 // Object.is equality\n    at C:/Lakshya/ophanim-crm-fork/ophanim-crm/crm-be-Main/tests/integration/api-rbac.integration.test.ts:287:23\n    at processTicksAndRejections (node:internal/process/task_queues:105:5)\n    at file:///C:/Lakshya/ophanim-crm-fork/ophanim-crm/crm-be-Main/node_modules/.pnpm/@vitest+runner@4.1.0/node_modules/@vitest/runner/dist/index.js:1258:20"
          ],
          "meta": {},
          "tags": []
        },
        {
          "ancestorTitles": ["API RBAC integration"],
          "fullName": "API RBAC integration denies onboarding checklist task updates for non-owner without HR manage",
          "status": "failed",
          "title": "denies onboarding checklist task updates for non-owner without HR manage",
          "duration": 82.36239999999998,
          "failureMessages": [
            "AssertionError: expected 400 to be 403 // Object.is equality\n    at C:/Lakshya/ophanim-crm-fork/ophanim-crm/crm-be-Main/tests/integration/api-rbac.integration.test.ts:299:27\n    at processTicksAndRejections (node:internal/process/task_queues:105:5)\n    at file:///C:/Lakshya/ophanim-crm-fork/ophanim-crm/crm-be-Main/node_modules/.pnpm/@vitest+runner@4.1.0/node_modules/@vitest/runner/dist/index.js:1258:20"
          ],
          "meta": {},
          "tags": []
        },
        {
          "ancestorTitles": ["API RBAC integration"],
          "fullName": "API RBAC integration rejects invalid performance cycle id in cycle reviews route",
          "status": "passed",
          "title": "rejects invalid performance cycle id in cycle reviews route",
          "duration": 18.96230000000105,
          "failureMessages": [],
          "meta": {},
          "tags": []
        }
      ],
      "startTime": 1774079005861,
      "endTime": 1774079007458.9624,
      "status": "failed",
      "message": "",
      "name": "C:/Lakshya/ophanim-crm-fork/ophanim-crm/crm-be-Main/tests/integration/api-rbac.integration.test.ts"
    }
  ]
}
